-- Install configuration: ""
-- Up-to-date: /home/user/Desktop/articubot_one/install/articubot_one/share/articubot_one/config
-- Up-to-date: /home/user/Desktop/articubot_one/install/articubot_one/share/articubot_one/config/my_controllers.yaml
-- Up-to-date: /home/user/Desktop/articubot_one/install/articubot_one/share/articubot_one/config/twist_mux.yaml
-- Up-to-date: /home/user/Desktop/articubot_one/install/articubot_one/share/articubot_one/config/mapper_params_online_async.yaml
-- Up-to-date: /home/user/Desktop/articubot_one/install/articubot_one/share/articubot_one/config/gaz_ros2_ctl_use_sim.yaml
-- Up-to-date: /home/user/Desktop/articubot_one/install/articubot_one/share/articubot_one/config/ball_tracker_params_robot.yaml
-- Up-to-date: /home/user/Desktop/articubot_one/install/articubot_one/share/articubot_one/config/view_bot.rviz
-- Up-to-date: /home/user/Desktop/articubot_one/install/articubot_one/share/articubot_one/config/gz_bridge.yaml
-- Up-to-date: /home/user/Desktop/articubot_one/install/articubot_one/share/articubot_one/config/main1.rviz
-- Up-to-date: /home/user/Desktop/articubot_one/install/articubot_one/share/articubot_one/config/joystick.yaml
-- Up-to-date: /home/user/Desktop/articubot_one/install/articubot_one/share/articubot_one/config/map.rviz
-- Up-to-date: /home/user/Desktop/articubot_one/install/articubot_one/share/articubot_one/config/drive_bot.rviz
-- Up-to-date: /home/user/Desktop/articubot_one/install/articubot_one/share/articubot_one/config/empty.yaml
-- Up-to-date: /home/user/Desktop/articubot_one/install/articubot_one/share/articubot_one/config/nav2_params.yaml
-- Up-to-date: /home/user/Desktop/articubot_one/install/articubot_one/share/articubot_one/config/ball_tracker_params_sim.yaml
-- Up-to-date: /home/user/Desktop/articubot_one/install/articubot_one/share/articubot_one/config/main.rviz
-- Up-to-date: /home/user/Desktop/articubot_one/install/articubot_one/share/articubot_one/description
-- Up-to-date: /home/user/Desktop/articubot_one/install/articubot_one/share/articubot_one/description/robot_core.xacro
-- Up-to-date: /home/user/Desktop/articubot_one/install/articubot_one/share/articubot_one/description/depth_camera.xacro
-- Up-to-date: /home/user/Desktop/articubot_one/install/articubot_one/share/articubot_one/description/face.xacro
-- Up-to-date: /home/user/Desktop/articubot_one/install/articubot_one/share/articubot_one/description/inertial_macros.xacro
-- Up-to-date: /home/user/Desktop/articubot_one/install/articubot_one/share/articubot_one/description/ros2_control.xacro
-- Up-to-date: /home/user/Desktop/articubot_one/install/articubot_one/share/articubot_one/description/camera.xacro
-- Up-to-date: /home/user/Desktop/articubot_one/install/articubot_one/share/articubot_one/description/gazebo_control.xacro
-- Up-to-date: /home/user/Desktop/articubot_one/install/articubot_one/share/articubot_one/description/robot.urdf.xacro
-- Up-to-date: /home/user/Desktop/articubot_one/install/articubot_one/share/articubot_one/description/lidar.xacro
