[0.014s] Invoking command in '/home/user/Desktop/articubot_one/build/articubot_one': CMAKE_PREFIX_PATH=/opt/ros/humble /usr/bin/cmake --build /home/user/Desktop/articubot_one/build/articubot_one -- -j4 -l4
[0.063s] Invoked command in '/home/user/Desktop/articubot_one/build/articubot_one' returned '0': CMAKE_PREFIX_PATH=/opt/ros/humble /usr/bin/cmake --build /home/user/Desktop/articubot_one/build/articubot_one -- -j4 -l4
[0.079s] Invoking command in '/home/user/Desktop/articubot_one/build/articubot_one': CMAKE_PREFIX_PATH=/opt/ros/humble /usr/bin/cmake --install /home/user/Desktop/articubot_one/build/articubot_one
[0.094s] -- Install configuration: ""
[0.094s] -- Up-to-date: /home/user/Desktop/articubot_one/install/articubot_one/share/articubot_one/config
[0.094s] -- Up-to-date: /home/user/Desktop/articubot_one/install/articubot_one/share/articubot_one/config/my_controllers.yaml
[0.095s] -- Up-to-date: /home/user/Desktop/articubot_one/install/articubot_one/share/articubot_one/config/twist_mux.yaml
[0.096s] -- Up-to-date: /home/user/Desktop/articubot_one/install/articubot_one/share/articubot_one/config/mapper_params_online_async.yaml
[0.096s] -- Up-to-date: /home/user/Desktop/articubot_one/install/articubot_one/share/articubot_one/config/gaz_ros2_ctl_use_sim.yaml
[0.097s] -- Up-to-date: /home/user/Desktop/articubot_one/install/articubot_one/share/articubot_one/config/ball_tracker_params_robot.yaml
[0.097s] -- Up-to-date: /home/user/Desktop/articubot_one/install/articubot_one/share/articubot_one/config/view_bot.rviz
[0.097s] -- Up-to-date: /home/user/Desktop/articubot_one/install/articubot_one/share/articubot_one/config/gz_bridge.yaml
[0.100s] -- Up-to-date: /home/user/Desktop/articubot_one/install/articubot_one/share/articubot_one/config/main1.rviz
[0.101s] -- Up-to-date: /home/user/Desktop/articubot_one/install/articubot_one/share/articubot_one/config/joystick.yaml
[0.101s] -- Up-to-date: /home/user/Desktop/articubot_one/install/articubot_one/share/articubot_one/config/map.rviz
[0.101s] -- Up-to-date: /home/user/Desktop/articubot_one/install/articubot_one/share/articubot_one/config/drive_bot.rviz
[0.102s] -- Up-to-date: /home/user/Desktop/articubot_one/install/articubot_one/share/articubot_one/config/empty.yaml
[0.102s] -- Up-to-date: /home/user/Desktop/articubot_one/install/articubot_one/share/articubot_one/config/nav2_params.yaml
[0.102s] -- Up-to-date: /home/user/Desktop/articubot_one/install/articubot_one/share/articubot_one/config/ball_tracker_params_sim.yaml
[0.102s] -- Up-to-date: /home/user/Desktop/articubot_one/install/articubot_one/share/articubot_one/config/main.rviz
[0.102s] -- Up-to-date: /home/user/Desktop/articubot_one/install/articubot_one/share/articubot_one/description
[0.102s] -- Up-to-date: /home/user/Desktop/articubot_one/install/articubot_one/share/articubot_one/description/robot_core.xacro
[0.103s] -- Up-to-date: /home/user/Desktop/articubot_one/install/articubot_one/share/articubot_one/description/depth_camera.xacro
[0.103s] -- Up-to-date: /home/user/Desktop/articubot_one/install/articubot_one/share/articubot_one/description/face.xacro
[0.103s] -- Up-to-date: /home/user/Desktop/articubot_one/install/articubot_one/share/articubot_one/description/inertial_macros.xacro
[0.103s] -- Up-to-date: /home/user/Desktop/articubot_one/install/articubot_one/share/articubot_one/description/ros2_control.xacro
[0.103s] -- Up-to-date: /home/user/Desktop/articubot_one/install/articubot_one/share/articubot_one/description/camera.xacro
[0.104s] -- Up-to-date: /home/user/Desktop/articubot_one/install/articubot_one/share/articubot_one/description/gazebo_control.xacro
[0.104s] -- Up-to-date: /home/user/Desktop/articubot_one/install/articubot_one/share/articubot_one/description/robot.urdf.xacro
[0.104s] -- Up-to-date: /home/user/Desktop/articubot_one/install/articubot_one/share/articubot_one/description/lidar.xacro
[0.104s] [31mCMake Error at cmake_install.cmake:46 (file):
[0.104s]   file INSTALL cannot find "/home/user/Desktop/articubot_one/launch": No such
[0.104s]   file or directory.
[0.105s] 
[0.105s] [0m
[0.105s] Invoked command in '/home/user/Desktop/articubot_one/build/articubot_one' returned '1': CMAKE_PREFIX_PATH=/opt/ros/humble /usr/bin/cmake --install /home/user/Desktop/articubot_one/build/articubot_one
