[0.136s] DEBUG:colcon:Command line arguments: ['/usr/bin/colcon', 'build']
[0.136s] DEBUG:colcon:Parsed command line arguments: Namespace(log_base=None, log_level=None, verb_name='build', build_base='build', install_base='install', merge_install=False, symlink_install=False, test_result_base=None, continue_on_error=False, executor='parallel', parallel_workers=4, event_handlers=None, ignore_user_meta=False, metas=['./colcon.meta'], base_paths=['.'], packages_ignore=None, packages_ignore_regex=None, paths=None, packages_up_to=None, packages_up_to_regex=None, packages_above=None, packages_above_and_dependencies=None, packages_above_depth=None, packages_select_by_dep=None, packages_skip_by_dep=None, packages_skip_up_to=None, packages_select_build_failed=False, packages_skip_build_finished=False, packages_select_test_failures=False, packages_skip_test_passed=False, packages_select=None, packages_skip=None, packages_select_regex=None, packages_skip_regex=None, packages_start=None, packages_end=None, allow_overriding=[], cmake_args=None, cmake_target=None, cmake_target_skip_unavailable=False, cmake_clean_cache=False, cmake_clean_first=False, cmake_force_configure=False, ament_cmake_args=None, catkin_cmake_args=None, catkin_skip_building_tests=False, verb_parser=<colcon_defaults.argument_parser.defaults.DefaultArgumentsDecorator object at 0x7fc72df274c0>, verb_extension=<colcon_core.verb.build.BuildVerb object at 0x7fc72e06c040>, main=<bound method BuildVerb.main of <colcon_core.verb.build.BuildVerb object at 0x7fc72e06c040>>)
[0.373s] Level 1:colcon.colcon_core.package_discovery:discover_packages(colcon_meta) check parameters
[0.373s] Level 1:colcon.colcon_core.package_discovery:discover_packages(recursive) check parameters
[0.373s] Level 1:colcon.colcon_core.package_discovery:discover_packages(ignore) check parameters
[0.374s] Level 1:colcon.colcon_core.package_discovery:discover_packages(path) check parameters
[0.374s] Level 1:colcon.colcon_core.package_discovery:discover_packages(colcon_meta) discover
[0.374s] Level 1:colcon.colcon_core.package_discovery:discover_packages(recursive) discover
[0.374s] INFO:colcon.colcon_core.package_discovery:Crawling recursively for packages in '/home/user/Desktop/articubot_one'
[0.374s] Level 1:colcon.colcon_core.package_identification:_identify(.) by extensions ['ignore', 'ignore_ament_install']
[0.374s] Level 1:colcon.colcon_core.package_identification:_identify(.) by extension 'ignore'
[0.374s] Level 1:colcon.colcon_core.package_identification:_identify(.) by extension 'ignore_ament_install'
[0.374s] Level 1:colcon.colcon_core.package_identification:_identify(.) by extensions ['colcon_pkg']
[0.374s] Level 1:colcon.colcon_core.package_identification:_identify(.) by extension 'colcon_pkg'
[0.374s] Level 1:colcon.colcon_core.package_identification:_identify(.) by extensions ['colcon_meta']
[0.374s] Level 1:colcon.colcon_core.package_identification:_identify(.) by extension 'colcon_meta'
[0.374s] Level 1:colcon.colcon_core.package_identification:_identify(.) by extensions ['ros']
[0.374s] Level 1:colcon.colcon_core.package_identification:_identify(.) by extension 'ros'
[0.392s] DEBUG:colcon.colcon_core.package_identification:Package '.' with type 'ros.ament_cmake' and name 'articubot_one'
[0.392s] Level 1:colcon.colcon_core.package_discovery:discover_packages(recursive) using defaults
[0.392s] Level 1:colcon.colcon_core.package_discovery:discover_packages(ignore) discover
[0.392s] Level 1:colcon.colcon_core.package_discovery:discover_packages(ignore) using defaults
[0.392s] Level 1:colcon.colcon_core.package_discovery:discover_packages(path) discover
[0.392s] Level 1:colcon.colcon_core.package_discovery:discover_packages(path) using defaults
[0.417s] Level 1:colcon.colcon_core.package_discovery:discover_packages(prefix_path) check parameters
[0.418s] Level 1:colcon.colcon_core.package_discovery:discover_packages(prefix_path) discover
[0.421s] DEBUG:colcon.colcon_installed_package_information.package_discovery:Found 341 installed packages in /opt/ros/humble
[0.438s] Level 1:colcon.colcon_core.package_discovery:discover_packages(prefix_path) using defaults
[0.498s] Level 5:colcon.colcon_core.verb:set package 'articubot_one' build argument 'cmake_args' from command line to 'None'
[0.498s] Level 5:colcon.colcon_core.verb:set package 'articubot_one' build argument 'cmake_target' from command line to 'None'
[0.498s] Level 5:colcon.colcon_core.verb:set package 'articubot_one' build argument 'cmake_target_skip_unavailable' from command line to 'False'
[0.498s] Level 5:colcon.colcon_core.verb:set package 'articubot_one' build argument 'cmake_clean_cache' from command line to 'False'
[0.498s] Level 5:colcon.colcon_core.verb:set package 'articubot_one' build argument 'cmake_clean_first' from command line to 'False'
[0.498s] Level 5:colcon.colcon_core.verb:set package 'articubot_one' build argument 'cmake_force_configure' from command line to 'False'
[0.498s] Level 5:colcon.colcon_core.verb:set package 'articubot_one' build argument 'ament_cmake_args' from command line to 'None'
[0.498s] Level 5:colcon.colcon_core.verb:set package 'articubot_one' build argument 'catkin_cmake_args' from command line to 'None'
[0.498s] Level 5:colcon.colcon_core.verb:set package 'articubot_one' build argument 'catkin_skip_building_tests' from command line to 'False'
[0.498s] DEBUG:colcon.colcon_core.verb:Building package 'articubot_one' with the following arguments: {'ament_cmake_args': None, 'build_base': '/home/user/Desktop/articubot_one/build/articubot_one', 'catkin_cmake_args': None, 'catkin_skip_building_tests': False, 'cmake_args': None, 'cmake_clean_cache': False, 'cmake_clean_first': False, 'cmake_force_configure': False, 'cmake_target': None, 'cmake_target_skip_unavailable': False, 'install_base': '/home/user/Desktop/articubot_one/install/articubot_one', 'merge_install': False, 'path': '/home/user/Desktop/articubot_one', 'symlink_install': False, 'test_result_base': None}
[0.498s] INFO:colcon.colcon_core.executor:Executing jobs using 'parallel' executor
[0.499s] DEBUG:colcon.colcon_parallel_executor.executor.parallel:run_until_complete
[0.500s] INFO:colcon.colcon_ros.task.ament_cmake.build:Building ROS package in '/home/user/Desktop/articubot_one' with build type 'ament_cmake'
[0.500s] INFO:colcon.colcon_cmake.task.cmake.build:Building CMake package in '/home/user/Desktop/articubot_one'
[0.503s] INFO:colcon.colcon_core.plugin_system:Skipping extension 'colcon_core.shell.bat': Not used on non-Windows systems
[0.503s] INFO:colcon.colcon_core.shell:Skip shell extension 'powershell' for command environment: Not usable outside of PowerShell
[0.503s] DEBUG:colcon.colcon_core.shell:Skip shell extension 'dsv' for command environment
[0.514s] DEBUG:colcon.colcon_core.event_handler.log_command:Invoking command in '/home/user/Desktop/articubot_one/build/articubot_one': CMAKE_PREFIX_PATH=/opt/ros/humble /usr/bin/cmake /home/user/Desktop/articubot_one -DCMAKE_INSTALL_PREFIX=/home/user/Desktop/articubot_one/install/articubot_one
[1.953s] DEBUG:colcon.colcon_core.event_handler.log_command:Invoked command in '/home/user/Desktop/articubot_one/build/articubot_one' returned '0': CMAKE_PREFIX_PATH=/opt/ros/humble /usr/bin/cmake /home/user/Desktop/articubot_one -DCMAKE_INSTALL_PREFIX=/home/user/Desktop/articubot_one/install/articubot_one
[1.956s] DEBUG:colcon.colcon_core.event_handler.log_command:Invoking command in '/home/user/Desktop/articubot_one/build/articubot_one': CMAKE_PREFIX_PATH=/opt/ros/humble /usr/bin/cmake --build /home/user/Desktop/articubot_one/build/articubot_one -- -j4 -l4
[2.006s] DEBUG:colcon.colcon_core.event_handler.log_command:Invoked command in '/home/user/Desktop/articubot_one/build/articubot_one' returned '0': CMAKE_PREFIX_PATH=/opt/ros/humble /usr/bin/cmake --build /home/user/Desktop/articubot_one/build/articubot_one -- -j4 -l4
[2.020s] DEBUG:colcon.colcon_core.event_handler.log_command:Invoking command in '/home/user/Desktop/articubot_one/build/articubot_one': CMAKE_PREFIX_PATH=/opt/ros/humble /usr/bin/cmake --install /home/user/Desktop/articubot_one/build/articubot_one
[2.108s] Level 1:colcon.colcon_core.environment:create_environment_scripts_only(articubot_one)
[2.110s] DEBUG:colcon.colcon_core.event_handler.log_command:Invoked command in '/home/user/Desktop/articubot_one/build/articubot_one' returned '0': CMAKE_PREFIX_PATH=/opt/ros/humble /usr/bin/cmake --install /home/user/Desktop/articubot_one/build/articubot_one
[2.114s] Level 1:colcon.colcon_core.environment:checking '/home/user/Desktop/articubot_one/install/articubot_one' for CMake module files
[2.115s] Level 1:colcon.colcon_core.environment:checking '/home/user/Desktop/articubot_one/install/articubot_one' for CMake config files
[2.116s] Level 1:colcon.colcon_core.shell:create_environment_hook('articubot_one', 'cmake_prefix_path')
[2.117s] INFO:colcon.colcon_core.shell:Creating environment hook '/home/user/Desktop/articubot_one/install/articubot_one/share/articubot_one/hook/cmake_prefix_path.ps1'
[2.118s] INFO:colcon.colcon_core.shell:Creating environment descriptor '/home/user/Desktop/articubot_one/install/articubot_one/share/articubot_one/hook/cmake_prefix_path.dsv'
[2.119s] INFO:colcon.colcon_core.shell:Creating environment hook '/home/user/Desktop/articubot_one/install/articubot_one/share/articubot_one/hook/cmake_prefix_path.sh'
[2.121s] Level 1:colcon.colcon_core.environment:checking '/home/user/Desktop/articubot_one/install/articubot_one/bin'
[2.122s] Level 1:colcon.colcon_core.environment:checking '/home/user/Desktop/articubot_one/install/articubot_one/lib/pkgconfig/articubot_one.pc'
[2.122s] Level 1:colcon.colcon_core.environment:checking '/home/user/Desktop/articubot_one/install/articubot_one/lib/python3.10/site-packages'
[2.123s] Level 1:colcon.colcon_core.environment:checking '/home/user/Desktop/articubot_one/install/articubot_one/bin'
[2.124s] INFO:colcon.colcon_core.shell:Creating package script '/home/user/Desktop/articubot_one/install/articubot_one/share/articubot_one/package.ps1'
[2.126s] INFO:colcon.colcon_core.shell:Creating package descriptor '/home/user/Desktop/articubot_one/install/articubot_one/share/articubot_one/package.dsv'
[2.127s] INFO:colcon.colcon_core.shell:Creating package script '/home/user/Desktop/articubot_one/install/articubot_one/share/articubot_one/package.sh'
[2.129s] INFO:colcon.colcon_core.shell:Creating package script '/home/user/Desktop/articubot_one/install/articubot_one/share/articubot_one/package.bash'
[2.131s] INFO:colcon.colcon_core.shell:Creating package script '/home/user/Desktop/articubot_one/install/articubot_one/share/articubot_one/package.zsh'
[2.132s] Level 1:colcon.colcon_core.environment:create_file_with_runtime_dependencies(/home/user/Desktop/articubot_one/install/articubot_one/share/colcon-core/packages/articubot_one)
[2.133s] Level 1:colcon.colcon_core.environment:create_environment_scripts_only(articubot_one)
[2.133s] Level 1:colcon.colcon_core.environment:checking '/home/user/Desktop/articubot_one/install/articubot_one' for CMake module files
[2.134s] Level 1:colcon.colcon_core.environment:checking '/home/user/Desktop/articubot_one/install/articubot_one' for CMake config files
[2.135s] Level 1:colcon.colcon_core.shell:create_environment_hook('articubot_one', 'cmake_prefix_path')
[2.135s] INFO:colcon.colcon_core.shell:Creating environment hook '/home/user/Desktop/articubot_one/install/articubot_one/share/articubot_one/hook/cmake_prefix_path.ps1'
[2.136s] INFO:colcon.colcon_core.shell:Creating environment descriptor '/home/user/Desktop/articubot_one/install/articubot_one/share/articubot_one/hook/cmake_prefix_path.dsv'
[2.136s] INFO:colcon.colcon_core.shell:Creating environment hook '/home/user/Desktop/articubot_one/install/articubot_one/share/articubot_one/hook/cmake_prefix_path.sh'
[2.137s] Level 1:colcon.colcon_core.environment:checking '/home/user/Desktop/articubot_one/install/articubot_one/bin'
[2.138s] Level 1:colcon.colcon_core.environment:checking '/home/user/Desktop/articubot_one/install/articubot_one/lib/pkgconfig/articubot_one.pc'
[2.138s] Level 1:colcon.colcon_core.environment:checking '/home/user/Desktop/articubot_one/install/articubot_one/lib/python3.10/site-packages'
[2.139s] Level 1:colcon.colcon_core.environment:checking '/home/user/Desktop/articubot_one/install/articubot_one/bin'
[2.140s] INFO:colcon.colcon_core.shell:Creating package script '/home/user/Desktop/articubot_one/install/articubot_one/share/articubot_one/package.ps1'
[2.141s] INFO:colcon.colcon_core.shell:Creating package descriptor '/home/user/Desktop/articubot_one/install/articubot_one/share/articubot_one/package.dsv'
[2.143s] INFO:colcon.colcon_core.shell:Creating package script '/home/user/Desktop/articubot_one/install/articubot_one/share/articubot_one/package.sh'
[2.144s] INFO:colcon.colcon_core.shell:Creating package script '/home/user/Desktop/articubot_one/install/articubot_one/share/articubot_one/package.bash'
[2.145s] INFO:colcon.colcon_core.shell:Creating package script '/home/user/Desktop/articubot_one/install/articubot_one/share/articubot_one/package.zsh'
[2.146s] Level 1:colcon.colcon_core.environment:create_file_with_runtime_dependencies(/home/user/Desktop/articubot_one/install/articubot_one/share/colcon-core/packages/articubot_one)
[2.147s] DEBUG:colcon.colcon_parallel_executor.executor.parallel:closing loop
[2.147s] DEBUG:colcon.colcon_parallel_executor.executor.parallel:loop closed
[2.147s] DEBUG:colcon.colcon_parallel_executor.executor.parallel:run_until_complete finished with '0'
[2.147s] DEBUG:colcon.colcon_core.event_reactor:joining thread
[2.156s] INFO:colcon.colcon_core.plugin_system:Skipping extension 'colcon_notification.desktop_notification.terminal_notifier': Not used on non-Darwin systems
[2.156s] INFO:colcon.colcon_core.plugin_system:Skipping extension 'colcon_notification.desktop_notification.win32': Not used on non-Windows systems
[2.156s] INFO:colcon.colcon_notification.desktop_notification:Sending desktop notification using 'notify2'
[2.176s] DEBUG:colcon.colcon_core.event_reactor:joined thread
[2.177s] INFO:colcon.colcon_core.shell:Creating prefix script '/home/user/Desktop/articubot_one/install/local_setup.ps1'
[2.178s] INFO:colcon.colcon_core.shell:Creating prefix util module '/home/user/Desktop/articubot_one/install/_local_setup_util_ps1.py'
[2.181s] INFO:colcon.colcon_core.shell:Creating prefix chain script '/home/user/Desktop/articubot_one/install/setup.ps1'
[2.184s] INFO:colcon.colcon_core.shell:Creating prefix script '/home/user/Desktop/articubot_one/install/local_setup.sh'
[2.185s] INFO:colcon.colcon_core.shell:Creating prefix util module '/home/user/Desktop/articubot_one/install/_local_setup_util_sh.py'
[2.186s] INFO:colcon.colcon_core.shell:Creating prefix chain script '/home/user/Desktop/articubot_one/install/setup.sh'
[2.188s] INFO:colcon.colcon_core.shell:Creating prefix script '/home/user/Desktop/articubot_one/install/local_setup.bash'
[2.189s] INFO:colcon.colcon_core.shell:Creating prefix chain script '/home/user/Desktop/articubot_one/install/setup.bash'
[2.190s] INFO:colcon.colcon_core.shell:Creating prefix script '/home/user/Desktop/articubot_one/install/local_setup.zsh'
[2.191s] INFO:colcon.colcon_core.shell:Creating prefix chain script '/home/user/Desktop/articubot_one/install/setup.zsh'
