[0.013s] Invoking command in '/home/user/Desktop/articubot_one/build/articubot_one': CMAKE_PREFIX_PATH=/opt/ros/humble /usr/bin/cmake /home/user/Desktop/articubot_one -DCMAKE_INSTALL_PREFIX=/home/user/Desktop/articubot_one/install/articubot_one
[0.250s] -- The C compiler identification is GNU 11.4.0
[0.466s] -- The CXX compiler identification is GNU 11.4.0
[0.484s] -- Detecting C compiler ABI info
[0.591s] -- Detecting C compiler ABI info - done
[0.601s] -- Check for working C compiler: /usr/bin/cc - skipped
[0.602s] -- Detecting C compile features
[0.603s] -- Detecting C compile features - done
[0.609s] -- Detecting CXX compiler ABI info
[0.723s] -- Detecting CXX compiler ABI info - done
[0.734s] -- Check for working CXX compiler: /usr/bin/c++ - skipped
[0.735s] -- Detecting CXX compile features
[0.735s] -- Detecting CXX compile features - done
[0.741s] -- Found ament_cmake: 1.3.11 (/opt/ros/humble/share/ament_cmake/cmake)
[0.982s] -- Found Python3: /usr/bin/python3 (found version "3.10.12") found components: Interpreter 
[1.200s] -- Found ament_lint_auto: 0.12.12 (/opt/ros/humble/share/ament_lint_auto/cmake)
[1.354s] -- Added test 'copyright' to check source files copyright and LICENSE
[1.366s] -- Added test 'cppcheck' to perform static code analysis on C / C++ code
[1.366s] -- Configured cppcheck include dirs: 
[1.366s] -- Configured cppcheck exclude dirs and/or files: 
[1.379s] -- Added test 'cpplint' to check C / C++ code against the Google style
[1.379s] -- Configured cpplint exclude dirs and/or files: 
[1.382s] -- Added test 'flake8' to check Python code syntax and style conventions
[1.386s] -- Added test 'lint_cmake' to check CMake code style
[1.389s] -- Added test 'pep257' to check Python code against some of the docstring style conventions in PEP 257
[1.400s] -- Added test 'uncrustify' to check C / C++ code style
[1.400s] -- Configured uncrustify additional arguments: 
[1.404s] -- Added test 'xmllint' to check XML markup files
[1.438s] -- Configuring done
[1.442s] -- Generating done
[1.446s] -- Build files have been written to: /home/user/Desktop/articubot_one/build/articubot_one
[1.452s] Invoked command in '/home/user/Desktop/articubot_one/build/articubot_one' returned '0': CMAKE_PREFIX_PATH=/opt/ros/humble /usr/bin/cmake /home/user/Desktop/articubot_one -DCMAKE_INSTALL_PREFIX=/home/user/Desktop/articubot_one/install/articubot_one
[1.455s] Invoking command in '/home/user/Desktop/articubot_one/build/articubot_one': CMAKE_PREFIX_PATH=/opt/ros/humble /usr/bin/cmake --build /home/user/Desktop/articubot_one/build/articubot_one -- -j4 -l4
[1.506s] Invoked command in '/home/user/Desktop/articubot_one/build/articubot_one' returned '0': CMAKE_PREFIX_PATH=/opt/ros/humble /usr/bin/cmake --build /home/user/Desktop/articubot_one/build/articubot_one -- -j4 -l4
[1.519s] Invoking command in '/home/user/Desktop/articubot_one/build/articubot_one': CMAKE_PREFIX_PATH=/opt/ros/humble /usr/bin/cmake --install /home/user/Desktop/articubot_one/build/articubot_one
[1.534s] -- Install configuration: ""
[1.534s] -- Installing: /home/user/Desktop/articubot_one/install/articubot_one/share/articubot_one/config
[1.535s] -- Installing: /home/user/Desktop/articubot_one/install/articubot_one/share/articubot_one/config/my_controllers.yaml
[1.562s] -- Installing: /home/user/Desktop/articubot_one/install/articubot_one/share/articubot_one/config/twist_mux.yaml
[1.563s] -- Installing: /home/user/Desktop/articubot_one/install/articubot_one/share/articubot_one/config/mapper_params_online_async.yaml
[1.563s] -- Installing: /home/user/Desktop/articubot_one/install/articubot_one/share/articubot_one/config/gaz_ros2_ctl_use_sim.yaml
[1.563s] -- Installing: /home/user/Desktop/articubot_one/install/articubot_one/share/articubot_one/config/ball_tracker_params_robot.yaml
[1.564s] -- Installing: /home/user/Desktop/articubot_one/install/articubot_one/share/articubot_one/config/view_bot.rviz
[1.564s] -- Installing: /home/user/Desktop/articubot_one/install/articubot_one/share/articubot_one/config/gz_bridge.yaml
[1.565s] -- Installing: /home/user/Desktop/articubot_one/install/articubot_one/share/articubot_one/config/main1.rviz
[1.565s] -- Installing: /home/user/Desktop/articubot_one/install/articubot_one/share/articubot_one/config/joystick.yaml
[1.566s] -- Installing: /home/user/Desktop/articubot_one/install/articubot_one/share/articubot_one/config/map.rviz
[1.566s] -- Installing: /home/user/Desktop/articubot_one/install/articubot_one/share/articubot_one/config/drive_bot.rviz
[1.566s] -- Installing: /home/user/Desktop/articubot_one/install/articubot_one/share/articubot_one/config/empty.yaml
[1.593s] -- Installing: /home/user/Desktop/articubot_one/install/articubot_one/share/articubot_one/config/nav2_params.yaml
[1.594s] -- Installing: /home/user/Desktop/articubot_one/install/articubot_one/share/articubot_one/config/ball_tracker_params_sim.yaml
[1.595s] -- Installing: /home/user/Desktop/articubot_one/install/articubot_one/share/articubot_one/config/main.rviz
[1.595s] -- Installing: /home/user/Desktop/articubot_one/install/articubot_one/share/articubot_one/description
[1.595s] -- Installing: /home/user/Desktop/articubot_one/install/articubot_one/share/articubot_one/description/robot_core.xacro
[1.595s] -- Installing: /home/user/Desktop/articubot_one/install/articubot_one/share/articubot_one/description/depth_camera.xacro
[1.596s] -- Installing: /home/user/Desktop/articubot_one/install/articubot_one/share/articubot_one/description/face.xacro
[1.596s] -- Installing: /home/user/Desktop/articubot_one/install/articubot_one/share/articubot_one/description/inertial_macros.xacro
[1.596s] -- Installing: /home/user/Desktop/articubot_one/install/articubot_one/share/articubot_one/description/ros2_control.xacro
[1.596s] -- Installing: /home/user/Desktop/articubot_one/install/articubot_one/share/articubot_one/description/camera.xacro
[1.596s] -- Installing: /home/user/Desktop/articubot_one/install/articubot_one/share/articubot_one/description/gazebo_control.xacro
[1.596s] -- Installing: /home/user/Desktop/articubot_one/install/articubot_one/share/articubot_one/description/robot.urdf.xacro
[1.597s] -- Installing: /home/user/Desktop/articubot_one/install/articubot_one/share/articubot_one/description/lidar.xacro
[1.597s] -- Installing: /home/user/Desktop/articubot_one/install/articubot_one/share/articubot_one/launch
[1.597s] -- Installing: /home/user/Desktop/articubot_one/install/articubot_one/share/articubot_one/launch/joystick.launch.py
[1.597s] -- Installing: /home/user/Desktop/articubot_one/install/articubot_one/share/articubot_one/launch/rsp.launch.py
[1.598s] -- Installing: /home/user/Desktop/articubot_one/install/articubot_one/share/articubot_one/launch/localization_launch.py
[1.598s] -- Installing: /home/user/Desktop/articubot_one/install/articubot_one/share/articubot_one/launch/ball_tracker.launch.py
[1.598s] -- Installing: /home/user/Desktop/articubot_one/install/articubot_one/share/articubot_one/launch/camera.launch.py
[1.598s] -- Installing: /home/user/Desktop/articubot_one/install/articubot_one/share/articubot_one/launch/launch_robot.launch.py
[1.598s] -- Installing: /home/user/Desktop/articubot_one/install/articubot_one/share/articubot_one/launch/navigation_launch.py
[1.599s] -- Installing: /home/user/Desktop/articubot_one/install/articubot_one/share/articubot_one/launch/rplidar.launch.py
[1.599s] -- Installing: /home/user/Desktop/articubot_one/install/articubot_one/share/articubot_one/launch/online_async_launch.py
[1.599s] -- Installing: /home/user/Desktop/articubot_one/install/articubot_one/share/articubot_one/launch/launch_sim.launch.py
[1.599s] -- Installing: /home/user/Desktop/articubot_one/install/articubot_one/share/articubot_one/worlds
[1.600s] -- Installing: /home/user/Desktop/articubot_one/install/articubot_one/share/articubot_one/worlds/obstacles.world
[1.600s] -- Installing: /home/user/Desktop/articubot_one/install/articubot_one/share/articubot_one/worlds/empty.world
[1.600s] -- Installing: /home/user/Desktop/articubot_one/install/articubot_one/share/ament_index/resource_index/package_run_dependencies/articubot_one
[1.601s] -- Installing: /home/user/Desktop/articubot_one/install/articubot_one/share/ament_index/resource_index/parent_prefix_path/articubot_one
[1.601s] -- Installing: /home/user/Desktop/articubot_one/install/articubot_one/share/articubot_one/environment/ament_prefix_path.sh
[1.601s] -- Installing: /home/user/Desktop/articubot_one/install/articubot_one/share/articubot_one/environment/ament_prefix_path.dsv
[1.601s] -- Installing: /home/user/Desktop/articubot_one/install/articubot_one/share/articubot_one/environment/path.sh
[1.602s] -- Installing: /home/user/Desktop/articubot_one/install/articubot_one/share/articubot_one/environment/path.dsv
[1.602s] -- Installing: /home/user/Desktop/articubot_one/install/articubot_one/share/articubot_one/local_setup.bash
[1.603s] -- Installing: /home/user/Desktop/articubot_one/install/articubot_one/share/articubot_one/local_setup.sh
[1.603s] -- Installing: /home/user/Desktop/articubot_one/install/articubot_one/share/articubot_one/local_setup.zsh
[1.603s] -- Installing: /home/user/Desktop/articubot_one/install/articubot_one/share/articubot_one/local_setup.dsv
[1.604s] -- Installing: /home/user/Desktop/articubot_one/install/articubot_one/share/articubot_one/package.dsv
[1.604s] -- Installing: /home/user/Desktop/articubot_one/install/articubot_one/share/ament_index/resource_index/packages/articubot_one
[1.604s] -- Installing: /home/user/Desktop/articubot_one/install/articubot_one/share/articubot_one/cmake/articubot_oneConfig.cmake
[1.605s] -- Installing: /home/user/Desktop/articubot_one/install/articubot_one/share/articubot_one/cmake/articubot_oneConfig-version.cmake
[1.605s] -- Installing: /home/user/Desktop/articubot_one/install/articubot_one/share/articubot_one/package.xml
[1.609s] Invoked command in '/home/user/Desktop/articubot_one/build/articubot_one' returned '0': CMAKE_PREFIX_PATH=/opt/ros/humble /usr/bin/cmake --install /home/user/Desktop/articubot_one/build/articubot_one
